

Started GET "/" for 127.0.0.1 at Fri Nov 05 16:26:56 -0400 2010

Mysql::Error (Unknown database 'soccerschedule_production'):
  activerecord (3.0.1) lib/active_record/connection_adapters/mysql_adapter.rb:600:in `real_connect'
  activerecord (3.0.1) lib/active_record/connection_adapters/mysql_adapter.rb:600:in `connect'
  activerecord (3.0.1) lib/active_record/connection_adapters/mysql_adapter.rb:164:in `initialize'
  activerecord (3.0.1) lib/active_record/connection_adapters/mysql_adapter.rb:36:in `new'
  activerecord (3.0.1) lib/active_record/connection_adapters/mysql_adapter.rb:36:in `mysql_connection'
  activerecord (3.0.1) lib/active_record/connection_adapters/abstract/connection_pool.rb:230:in `send'
  activerecord (3.0.1) lib/active_record/connection_adapters/abstract/connection_pool.rb:230:in `new_connection'
  activerecord (3.0.1) lib/active_record/connection_adapters/abstract/connection_pool.rb:238:in `checkout_new_connection'
  activerecord (3.0.1) lib/active_record/connection_adapters/abstract/connection_pool.rb:194:in `checkout'
  activerecord (3.0.1) lib/active_record/connection_adapters/abstract/connection_pool.rb:190:in `loop'
  activerecord (3.0.1) lib/active_record/connection_adapters/abstract/connection_pool.rb:190:in `checkout'
  /Users/arvanasse/.rvm/rubies/ruby-1.8.7-p302/lib/ruby/1.8/monitor.rb:242:in `synchronize'
  activerecord (3.0.1) lib/active_record/connection_adapters/abstract/connection_pool.rb:189:in `checkout'
  activerecord (3.0.1) lib/active_record/connection_adapters/abstract/connection_pool.rb:96:in `connection'
  activerecord (3.0.1) lib/active_record/connection_adapters/abstract/connection_pool.rb:318:in `retrieve_connection'
  activerecord (3.0.1) lib/active_record/connection_adapters/abstract/connection_specification.rb:97:in `retrieve_connection'
  activerecord (3.0.1) lib/active_record/connection_adapters/abstract/connection_specification.rb:89:in `connection'
  activerecord (3.0.1) lib/active_record/query_cache.rb:12:in `cache'
  activerecord (3.0.1) lib/active_record/query_cache.rb:31:in `call'
  activerecord (3.0.1) lib/active_record/connection_adapters/abstract/connection_pool.rb:355:in `call'
  actionpack (3.0.1) lib/action_dispatch/middleware/callbacks.rb:46:in `call'
  activesupport (3.0.1) lib/active_support/callbacks.rb:415:in `_run_call_callbacks'
  actionpack (3.0.1) lib/action_dispatch/middleware/callbacks.rb:44:in `call'
  rack (1.2.1) lib/rack/sendfile.rb:107:in `call'
  actionpack (3.0.1) lib/action_dispatch/middleware/remote_ip.rb:48:in `call'
  actionpack (3.0.1) lib/action_dispatch/middleware/show_exceptions.rb:46:in `call'
  railties (3.0.1) lib/rails/rack/logger.rb:13:in `call'
  rack (1.2.1) lib/rack/runtime.rb:17:in `call'
  activesupport (3.0.1) lib/active_support/cache/strategy/local_cache.rb:72:in `call'
  rack (1.2.1) lib/rack/lock.rb:11:in `call'
  rack (1.2.1) lib/rack/lock.rb:11:in `synchronize'
  rack (1.2.1) lib/rack/lock.rb:11:in `call'
  railties (3.0.1) lib/rails/application.rb:168:in `call'
  railties (3.0.1) lib/rails/application.rb:77:in `send'
  railties (3.0.1) lib/rails/application.rb:77:in `method_missing'
  /Users/arvanasse/.rvm/gems/ruby-1.8.7-p302@global/gems/passenger-3.0.0/lib/phusion_passenger/rack/request_handler.rb:96:in `process_request'
  /Users/arvanasse/.rvm/gems/ruby-1.8.7-p302@global/gems/passenger-3.0.0/lib/phusion_passenger/abstract_request_handler.rb:513:in `accept_and_process_next_request'
  /Users/arvanasse/.rvm/gems/ruby-1.8.7-p302@global/gems/passenger-3.0.0/lib/phusion_passenger/abstract_request_handler.rb:274:in `main_loop'
  /Users/arvanasse/.rvm/gems/ruby-1.8.7-p302@global/gems/passenger-3.0.0/lib/phusion_passenger/rack/application_spawner.rb:205:in `start_request_handler'
  /Users/arvanasse/.rvm/gems/ruby-1.8.7-p302@global/gems/passenger-3.0.0/lib/phusion_passenger/rack/application_spawner.rb:170:in `send'
  /Users/arvanasse/.rvm/gems/ruby-1.8.7-p302@global/gems/passenger-3.0.0/lib/phusion_passenger/rack/application_spawner.rb:170:in `handle_spawn_application'
  /Users/arvanasse/.rvm/gems/ruby-1.8.7-p302@global/gems/passenger-3.0.0/lib/phusion_passenger/utils.rb:479:in `safe_fork'
  /Users/arvanasse/.rvm/gems/ruby-1.8.7-p302@global/gems/passenger-3.0.0/lib/phusion_passenger/rack/application_spawner.rb:165:in `handle_spawn_application'
  /Users/arvanasse/.rvm/gems/ruby-1.8.7-p302@global/gems/passenger-3.0.0/lib/phusion_passenger/abstract_server.rb:357:in `__send__'
  /Users/arvanasse/.rvm/gems/ruby-1.8.7-p302@global/gems/passenger-3.0.0/lib/phusion_passenger/abstract_server.rb:357:in `server_main_loop'
  /Users/arvanasse/.rvm/gems/ruby-1.8.7-p302@global/gems/passenger-3.0.0/lib/phusion_passenger/abstract_server.rb:206:in `start_synchronously'
  /Users/arvanasse/.rvm/gems/ruby-1.8.7-p302@global/gems/passenger-3.0.0/lib/phusion_passenger/abstract_server.rb:180:in `start'
  /Users/arvanasse/.rvm/gems/ruby-1.8.7-p302@global/gems/passenger-3.0.0/lib/phusion_passenger/rack/application_spawner.rb:128:in `start'
  /Users/arvanasse/.rvm/gems/ruby-1.8.7-p302@global/gems/passenger-3.0.0/lib/phusion_passenger/spawn_manager.rb:253:in `spawn_rack_application'
  /Users/arvanasse/.rvm/gems/ruby-1.8.7-p302@global/gems/passenger-3.0.0/lib/phusion_passenger/abstract_server_collection.rb:132:in `lookup_or_add'
  /Users/arvanasse/.rvm/gems/ruby-1.8.7-p302@global/gems/passenger-3.0.0/lib/phusion_passenger/spawn_manager.rb:246:in `spawn_rack_application'
  /Users/arvanasse/.rvm/gems/ruby-1.8.7-p302@global/gems/passenger-3.0.0/lib/phusion_passenger/abstract_server_collection.rb:82:in `synchronize'
  /Users/arvanasse/.rvm/gems/ruby-1.8.7-p302@global/gems/passenger-3.0.0/lib/phusion_passenger/abstract_server_collection.rb:79:in `synchronize'
  /Users/arvanasse/.rvm/gems/ruby-1.8.7-p302@global/gems/passenger-3.0.0/lib/phusion_passenger/spawn_manager.rb:244:in `spawn_rack_application'
  /Users/arvanasse/.rvm/gems/ruby-1.8.7-p302@global/gems/passenger-3.0.0/lib/phusion_passenger/spawn_manager.rb:137:in `spawn_application'
  /Users/arvanasse/.rvm/gems/ruby-1.8.7-p302@global/gems/passenger-3.0.0/lib/phusion_passenger/spawn_manager.rb:275:in `handle_spawn_application'
  /Users/arvanasse/.rvm/gems/ruby-1.8.7-p302@global/gems/passenger-3.0.0/lib/phusion_passenger/abstract_server.rb:357:in `__send__'
  /Users/arvanasse/.rvm/gems/ruby-1.8.7-p302@global/gems/passenger-3.0.0/lib/phusion_passenger/abstract_server.rb:357:in `server_main_loop'
  /Users/arvanasse/.rvm/gems/ruby-1.8.7-p302@global/gems/passenger-3.0.0/lib/phusion_passenger/abstract_server.rb:206:in `start_synchronously'
  /Users/arvanasse/.rvm/gems/ruby-1.8.7-p302@global/gems/passenger-3.0.0/helper-scripts/passenger-spawn-server:99

Rendered /Users/arvanasse/.rvm/gems/ruby-1.8.7-p302@rails239/gems/actionpack-3.0.1/lib/action_dispatch/middleware/templates/rescues/_trace.erb (3.4ms)
Rendered /Users/arvanasse/.rvm/gems/ruby-1.8.7-p302@rails239/gems/actionpack-3.0.1/lib/action_dispatch/middleware/templates/rescues/_request_and_response.erb (4.5ms)
Rendered /Users/arvanasse/.rvm/gems/ruby-1.8.7-p302@rails239/gems/actionpack-3.0.1/lib/action_dispatch/middleware/templates/rescues/diagnostics.erb within rescues/layout (15.5ms)


Started GET "/" for 127.0.0.1 at Fri Nov 05 16:27:11 -0400 2010

Mysql::Error (Unknown database 'soccerschedule_production'):
  activerecord (3.0.1) lib/active_record/connection_adapters/mysql_adapter.rb:600:in `real_connect'
  activerecord (3.0.1) lib/active_record/connection_adapters/mysql_adapter.rb:600:in `connect'
  activerecord (3.0.1) lib/active_record/connection_adapters/mysql_adapter.rb:164:in `initialize'
  activerecord (3.0.1) lib/active_record/connection_adapters/mysql_adapter.rb:36:in `new'
  activerecord (3.0.1) lib/active_record/connection_adapters/mysql_adapter.rb:36:in `mysql_connection'
  activerecord (3.0.1) lib/active_record/connection_adapters/abstract/connection_pool.rb:230:in `send'
  activerecord (3.0.1) lib/active_record/connection_adapters/abstract/connection_pool.rb:230:in `new_connection'
  activerecord (3.0.1) lib/active_record/connection_adapters/abstract/connection_pool.rb:238:in `checkout_new_connection'
  activerecord (3.0.1) lib/active_record/connection_adapters/abstract/connection_pool.rb:194:in `checkout'
  activerecord (3.0.1) lib/active_record/connection_adapters/abstract/connection_pool.rb:190:in `loop'
  activerecord (3.0.1) lib/active_record/connection_adapters/abstract/connection_pool.rb:190:in `checkout'
  /Users/arvanasse/.rvm/rubies/ruby-1.8.7-p302/lib/ruby/1.8/monitor.rb:242:in `synchronize'
  activerecord (3.0.1) lib/active_record/connection_adapters/abstract/connection_pool.rb:189:in `checkout'
  activerecord (3.0.1) lib/active_record/connection_adapters/abstract/connection_pool.rb:96:in `connection'
  activerecord (3.0.1) lib/active_record/connection_adapters/abstract/connection_pool.rb:318:in `retrieve_connection'
  activerecord (3.0.1) lib/active_record/connection_adapters/abstract/connection_specification.rb:97:in `retrieve_connection'
  activerecord (3.0.1) lib/active_record/connection_adapters/abstract/connection_specification.rb:89:in `connection'
  activerecord (3.0.1) lib/active_record/query_cache.rb:12:in `cache'
  activerecord (3.0.1) lib/active_record/query_cache.rb:31:in `call'
  activerecord (3.0.1) lib/active_record/connection_adapters/abstract/connection_pool.rb:355:in `call'
  actionpack (3.0.1) lib/action_dispatch/middleware/callbacks.rb:46:in `call'
  activesupport (3.0.1) lib/active_support/callbacks.rb:415:in `_run_call_callbacks'
  actionpack (3.0.1) lib/action_dispatch/middleware/callbacks.rb:44:in `call'
  rack (1.2.1) lib/rack/sendfile.rb:107:in `call'
  actionpack (3.0.1) lib/action_dispatch/middleware/remote_ip.rb:48:in `call'
  actionpack (3.0.1) lib/action_dispatch/middleware/show_exceptions.rb:46:in `call'
  railties (3.0.1) lib/rails/rack/logger.rb:13:in `call'
  rack (1.2.1) lib/rack/runtime.rb:17:in `call'
  activesupport (3.0.1) lib/active_support/cache/strategy/local_cache.rb:72:in `call'
  rack (1.2.1) lib/rack/lock.rb:11:in `call'
  rack (1.2.1) lib/rack/lock.rb:11:in `synchronize'
  rack (1.2.1) lib/rack/lock.rb:11:in `call'
  railties (3.0.1) lib/rails/application.rb:168:in `call'
  railties (3.0.1) lib/rails/application.rb:77:in `send'
  railties (3.0.1) lib/rails/application.rb:77:in `method_missing'
  /Users/arvanasse/.rvm/gems/ruby-1.8.7-p302@global/gems/passenger-3.0.0/lib/phusion_passenger/rack/request_handler.rb:96:in `process_request'
  /Users/arvanasse/.rvm/gems/ruby-1.8.7-p302@global/gems/passenger-3.0.0/lib/phusion_passenger/abstract_request_handler.rb:513:in `accept_and_process_next_request'
  /Users/arvanasse/.rvm/gems/ruby-1.8.7-p302@global/gems/passenger-3.0.0/lib/phusion_passenger/abstract_request_handler.rb:274:in `main_loop'
  /Users/arvanasse/.rvm/gems/ruby-1.8.7-p302@global/gems/passenger-3.0.0/lib/phusion_passenger/rack/application_spawner.rb:205:in `start_request_handler'
  /Users/arvanasse/.rvm/gems/ruby-1.8.7-p302@global/gems/passenger-3.0.0/lib/phusion_passenger/rack/application_spawner.rb:170:in `send'
  /Users/arvanasse/.rvm/gems/ruby-1.8.7-p302@global/gems/passenger-3.0.0/lib/phusion_passenger/rack/application_spawner.rb:170:in `handle_spawn_application'
  /Users/arvanasse/.rvm/gems/ruby-1.8.7-p302@global/gems/passenger-3.0.0/lib/phusion_passenger/utils.rb:479:in `safe_fork'
  /Users/arvanasse/.rvm/gems/ruby-1.8.7-p302@global/gems/passenger-3.0.0/lib/phusion_passenger/rack/application_spawner.rb:165:in `handle_spawn_application'
  /Users/arvanasse/.rvm/gems/ruby-1.8.7-p302@global/gems/passenger-3.0.0/lib/phusion_passenger/abstract_server.rb:357:in `__send__'
  /Users/arvanasse/.rvm/gems/ruby-1.8.7-p302@global/gems/passenger-3.0.0/lib/phusion_passenger/abstract_server.rb:357:in `server_main_loop'
  /Users/arvanasse/.rvm/gems/ruby-1.8.7-p302@global/gems/passenger-3.0.0/lib/phusion_passenger/abstract_server.rb:206:in `start_synchronously'
  /Users/arvanasse/.rvm/gems/ruby-1.8.7-p302@global/gems/passenger-3.0.0/lib/phusion_passenger/abstract_server.rb:180:in `start'
  /Users/arvanasse/.rvm/gems/ruby-1.8.7-p302@global/gems/passenger-3.0.0/lib/phusion_passenger/rack/application_spawner.rb:128:in `start'
  /Users/arvanasse/.rvm/gems/ruby-1.8.7-p302@global/gems/passenger-3.0.0/lib/phusion_passenger/spawn_manager.rb:253:in `spawn_rack_application'
  /Users/arvanasse/.rvm/gems/ruby-1.8.7-p302@global/gems/passenger-3.0.0/lib/phusion_passenger/abstract_server_collection.rb:132:in `lookup_or_add'
  /Users/arvanasse/.rvm/gems/ruby-1.8.7-p302@global/gems/passenger-3.0.0/lib/phusion_passenger/spawn_manager.rb:246:in `spawn_rack_application'
  /Users/arvanasse/.rvm/gems/ruby-1.8.7-p302@global/gems/passenger-3.0.0/lib/phusion_passenger/abstract_server_collection.rb:82:in `synchronize'
  /Users/arvanasse/.rvm/gems/ruby-1.8.7-p302@global/gems/passenger-3.0.0/lib/phusion_passenger/abstract_server_collection.rb:79:in `synchronize'
  /Users/arvanasse/.rvm/gems/ruby-1.8.7-p302@global/gems/passenger-3.0.0/lib/phusion_passenger/spawn_manager.rb:244:in `spawn_rack_application'
  /Users/arvanasse/.rvm/gems/ruby-1.8.7-p302@global/gems/passenger-3.0.0/lib/phusion_passenger/spawn_manager.rb:137:in `spawn_application'
  /Users/arvanasse/.rvm/gems/ruby-1.8.7-p302@global/gems/passenger-3.0.0/lib/phusion_passenger/spawn_manager.rb:275:in `handle_spawn_application'
  /Users/arvanasse/.rvm/gems/ruby-1.8.7-p302@global/gems/passenger-3.0.0/lib/phusion_passenger/abstract_server.rb:357:in `__send__'
  /Users/arvanasse/.rvm/gems/ruby-1.8.7-p302@global/gems/passenger-3.0.0/lib/phusion_passenger/abstract_server.rb:357:in `server_main_loop'
  /Users/arvanasse/.rvm/gems/ruby-1.8.7-p302@global/gems/passenger-3.0.0/lib/phusion_passenger/abstract_server.rb:206:in `start_synchronously'
  /Users/arvanasse/.rvm/gems/ruby-1.8.7-p302@global/gems/passenger-3.0.0/helper-scripts/passenger-spawn-server:99

Rendered /Users/arvanasse/.rvm/gems/ruby-1.8.7-p302@rails239/gems/actionpack-3.0.1/lib/action_dispatch/middleware/templates/rescues/_trace.erb (1.5ms)
Rendered /Users/arvanasse/.rvm/gems/ruby-1.8.7-p302@rails239/gems/actionpack-3.0.1/lib/action_dispatch/middleware/templates/rescues/_request_and_response.erb (3.2ms)
Rendered /Users/arvanasse/.rvm/gems/ruby-1.8.7-p302@rails239/gems/actionpack-3.0.1/lib/action_dispatch/middleware/templates/rescues/diagnostics.erb within rescues/layout (9.7ms)
